<?xml version="1.0" encoding="UTF-8"?>
<!-- Generated by org.testng.reporters.JUnitXMLReporter -->
<testsuite ignored="0" hostname="NAGARAJ" failures="0" tests="4" name="Test" time="0.127" errors="0" timestamp="2024-07-13T21:43:08 IST">
  <testcase classname="login.Loginvalid" name="@BeforeMethod Loginpage" time="0.001">
    <failure type="java.lang.NullPointerException" message="Cannot invoke &amp;quot;org.openqa.selenium.WebDriver.get(String)&amp;quot; because &amp;quot;this.driver&amp;quot; is null">
      <![CDATA[java.lang.NullPointerException: Cannot invoke "org.openqa.selenium.WebDriver.get(String)" because "this.driver" is null
at login.Loginvalid.Loginpage(Loginvalid.java:28)
at java.base/java.util.ArrayList.forEach(ArrayList.java:1511)
... Removed 31 stack frames]]>
    </failure>
  </testcase> <!-- @BeforeMethod Loginpage -->
  <testcase classname="login.Loginvalid" name="@BeforeMethod Loginpage" time="0.0">
    <skipped/>
  </testcase> <!-- @BeforeMethod Loginpage -->
  <testcase classname="login.Loginvalid" name="@BeforeMethod Loginpage" time="0.0">
    <skipped/>
  </testcase> <!-- @BeforeMethod Loginpage -->
  <testcase classname="login.Loginvalid" name="@BeforeMethod Loginpage" time="0.0">
    <skipped/>
  </testcase> <!-- @BeforeMethod Loginpage -->
  <testcase classname="login.Loginvalid" name="invalidpassword" time="0.0">
    <skipped/>
  </testcase> <!-- invalidpassword -->
  <testcase classname="login.Loginvalid" name="invalidusername" time="0.001">
    <skipped/>
  </testcase> <!-- invalidusername -->
  <testcase classname="login.Loginvalid" name="invallidboth" time="0.0">
    <skipped/>
  </testcase> <!-- invallidboth -->
  <testcase classname="login.Loginvalid" name="loginvalid" time="0.0">
    <skipped/>
  </testcase> <!-- loginvalid -->
</testsuite> <!-- Test -->
